<?xml version="1.0" encoding="UTF-8"?>
<!-- Generated by org.testng.reporters.JUnitReportReporter -->
<testsuite skipped="0" hostname="DESKTOP-LUMCGL2" name="Selenium.Program" tests="1" failures="0" timestamp="05 Sep 2018 13:05:44 GMT" time="34.464" errors="0">
  <testcase name="chrometest" time="34.464" classname="Selenium.Program"/>
</testsuite> <!-- Selenium.Program -->
