<?xml version="1.0" encoding="UTF-8"?>
<!-- Generated by org.testng.reporters.JUnitReportReporter -->
<testsuite hostname="DESKTOP-LUMCGL2" name="Selenium.Program" tests="1" failures="0" timestamp="5 Sep 2018 14:06:06 GMT" time="54.882" errors="0">
  <testcase name="chrometest" time="54.882" classname="Selenium.Program"/>
</testsuite> <!-- Selenium.Program -->
